<?xml version="1.0" encoding="UTF-8"?>
<!-- Generated by org.testng.reporters.JUnitReportReporter -->
<testsuite hostname="DESKTOP-D1R0VPF" failures="0" tests="1" name="com.qa.testCases.TC_PersonSRV" time="0.000" errors="0" timestamp="2022-08-23T17:24:30 IST" skipped="1">
  <testcase classname="com.qa.testCases.TC_PersonSRV" name="validateSRVPerson" time="0.000">
    <skipped/>
  </testcase> <!-- validateSRVPerson -->
  <system-out/>
</testsuite> <!-- com.qa.testCases.TC_PersonSRV -->
