<?xml version="1.0" encoding="UTF-8"?>
<!-- Generated by org.testng.reporters.JUnitReportReporter -->
<testsuite hostname="DESKTOP-70RPUI0" failures="0" tests="1" name="com.qa.testCases.TC_PersonSRV" time="8.758" errors="0" timestamp="2022-08-21T10:07:42 IST" skipped="0">
  <testcase classname="com.qa.testCases.TC_PersonSRV" name="validateSRVPerson" time="8.758"/>
  <system-out/>
</testsuite> <!-- com.qa.testCases.TC_PersonSRV -->
