<?xml version="1.0" encoding="UTF-8"?>
<!-- Generated by org.testng.reporters.JUnitReportReporter -->
<testsuite hostname="DESKTOP-D1R0VPF" failures="0" tests="1" name="com.qa.testCases.TC_PersonCV_DDT" time="8.610" errors="0" timestamp="2022-08-17T16:55:33 IST" skipped="0">
  <testcase classname="com.qa.testCases.TC_PersonCV_DDT" name="validateCreatePerson" time="8.610"/>
  <system-out/>
</testsuite> <!-- com.qa.testCases.TC_PersonCV_DDT -->
