<?xml version="1.0" encoding="UTF-8"?>
<!-- Generated by org.testng.reporters.JUnitReportReporter -->
<testsuite hostname="DESKTOP-70RPUI0" failures="0" tests="1" name="com.qa.testCases.TC_PersonArchive" time="0.000" errors="0" timestamp="2022-08-23T20:47:10 IST" skipped="1">
  <testcase classname="com.qa.testCases.TC_PersonArchive" name="validateArchive" time="0.000">
    <skipped/>
  </testcase> <!-- validateArchive -->
  <system-out/>
</testsuite> <!-- com.qa.testCases.TC_PersonArchive -->
