<?xml version="1.0" encoding="UTF-8"?>
<!-- Generated by org.testng.reporters.JUnitReportReporter -->
<testsuite hostname="DESKTOP-D1R0VPF" failures="0" tests="1" name="com.qa.testCases.TC_LoginTest_001" time="0.008" errors="0" timestamp="2022-08-03T18:13:06 IST" skipped="0">
  <testcase classname="com.qa.testCases.TC_LoginTest_001" name="loginTest" time="0.008"/>
  <system-out/>
</testsuite> <!-- com.qa.testCases.TC_LoginTest_001 -->
