<?xml version="1.0" encoding="UTF-8"?>
<!-- Generated by org.testng.reporters.JUnitReportReporter -->
<testsuite hostname="DESKTOP-D1R0VPF" failures="0" tests="1" name="com.qa.testCases.TC_PersonCV" time="6.715" errors="0" timestamp="2022-08-10T11:32:12 IST" skipped="0">
  <testcase classname="com.qa.testCases.TC_PersonCV" name="validateCreatePerson" time="6.715"/>
  <system-out/>
</testsuite> <!-- com.qa.testCases.TC_PersonCV -->
